# JRE version: OpenJDK Runtime Environment Temurin-17.0.2+8 (17.0.2+8) (build 17.0.2+8)
# Java VM: OpenJDK 64-Bit Server VM Temurin-17.0.2+8 (17.0.2+8, mixed mode, tiered, compressed oops, compressed class ptrs, g1 gc, windows-amd64)
GC Precious Log:
 CPUs: 4 total, 4 available
 Memory: 8025M
 Large Page Support: Disabled
 NUMA Support: Disabled
 Compressed Oops: Enabled (32-bit)
 Heap Region Size: 1M
 Heap Min Capacity: 8M
 Heap Initial Capacity: 126M
 Heap Max Capacity: 2008M
 Pre-touch: Disabled
 Parallel Workers: 4
 Concurrent Workers: 1
 Concurrent Refinement Workers: 4
 Periodic GC: Disabled
Heap:
 garbage-first heap   total 37888K, used 24913K [0x0000000082800000, 0x0000000100000000)
  region size 1024K, 10 young (10240K), 2 survivors (2048K)
 Metaspace       used 47941K, committed 48320K, reserved 1097728K
  class space    used 6020K, committed 6208K, reserved 1048576K
GC Heap History (20 events):
Event: 7.123 GC heap before
{Heap before GC invocations=4 (full 0):
 garbage-first heap   total 37888K, used 26787K [0x0000000082800000, 0x0000000100000000)
  region size 1024K, 22 young (22528K), 3 survivors (3072K)
 Metaspace       used 25614K, committed 25856K, reserved 1073152K
  class space    used 2922K, committed 3008K, reserved 1048576K
}
Event: 7.130 GC heap after
{Heap after GC invocations=5 (full 0):
 garbage-first heap   total 37888K, used 10647K [0x0000000082800000, 0x0000000100000000)
  region size 1024K, 5 young (5120K), 5 survivors (5120K)
 Metaspace       used 25614K, committed 25856K, reserved 1073152K
  class space    used 2922K, committed 3008K, reserved 1048576K
}
Event: 7.508 GC heap before
{Heap before GC invocations=5 (full 0):
 garbage-first heap   total 37888K, used 22935K [0x0000000082800000, 0x0000000100000000)
  region size 1024K, 18 young (18432K), 5 survivors (5120K)
 Metaspace       used 27690K, committed 27968K, reserved 1081344K
  class space    used 3196K, committed 3328K, reserved 1048576K
}
Event: 7.516 GC heap after
{Heap after GC invocations=6 (full 0):
 garbage-first heap   total 37888K, used 11755K [0x0000000082800000, 0x0000000100000000)
  region size 1024K, 3 young (3072K), 3 survivors (3072K)
 Metaspace       used 27690K, committed 27968K, reserved 1081344K
  class space    used 3196K, committed 3328K, reserved 1048576K
}
Event: 8.399 GC heap before
{Heap before GC invocations=6 (full 0):
 garbage-first heap   total 37888K, used 25067K [0x0000000082800000, 0x0000000100000000)
  region size 1024K, 16 young (16384K), 3 survivors (3072K)
 Metaspace       used 29403K, committed 29632K, reserved 1081344K
  class space    used 3415K, committed 3520K, reserved 1048576K
}
Event: 8.407 GC heap after
{Heap after GC invocations=7 (full 0):
 garbage-first heap   total 37888K, used 12464K [0x0000000082800000, 0x0000000100000000)
  region size 1024K, 2 young (2048K), 2 survivors (2048K)
 Metaspace       used 29403K, committed 29632K, reserved 1081344K
  class space    used 3415K, committed 3520K, reserved 1048576K
}
Event: 9.837 GC heap before
{Heap before GC invocations=7 (full 0):
 garbage-first heap   total 37888K, used 25776K [0x0000000082800000, 0x0000000100000000)
  region size 1024K, 16 young (16384K), 2 survivors (2048K)
 Metaspace       used 31989K, committed 32256K, reserved 1081344K
  class space    used 3777K, committed 3904K, reserved 1048576K
}
Event: 9.847 GC heap after
{Heap after GC invocations=8 (full 0):
 garbage-first heap   total 37888K, used 13359K [0x0000000082800000, 0x0000000100000000)
  region size 1024K, 2 young (2048K), 2 survivors (2048K)
 Metaspace       used 31989K, committed 32256K, reserved 1081344K
  class space    used 3777K, committed 3904K, reserved 1048576K
}
Event: 11.081 GC heap before
{Heap before GC invocations=8 (full 0):
 garbage-first heap   total 37888K, used 26671K [0x0000000082800000, 0x0000000100000000)
  region size 1024K, 15 young (15360K), 2 survivors (2048K)
 Metaspace       used 35218K, committed 35584K, reserved 1081344K
  class space    used 4253K, committed 4416K, reserved 1048576K
}
Event: 11.092 GC heap after
{Heap after GC invocations=9 (full 0):
 garbage-first heap   total 37888K, used 15230K [0x0000000082800000, 0x0000000100000000)
  region size 1024K, 2 young (2048K), 2 survivors (2048K)
 Metaspace       used 35218K, committed 35584K, reserved 1081344K
  class space    used 4253K, committed 4416K, reserved 1048576K
}
Event: 11.330 GC heap before
{Heap before GC invocations=9 (full 0):
 garbage-first heap   total 37888K, used 16254K [0x0000000082800000, 0x0000000100000000)
  region size 1024K, 4 young (4096K), 2 survivors (2048K)
 Metaspace       used 35667K, committed 35968K, reserved 1081344K
  class space    used 4301K, committed 4416K, reserved 1048576K
}
Event: 11.336 GC heap after
{Heap after GC invocations=10 (full 0):
 garbage-first heap   total 37888K, used 15660K [0x0000000082800000, 0x0000000100000000)
  region size 1024K, 1 young (1024K), 1 survivors (1024K)
 Metaspace       used 35667K, committed 35968K, reserved 1081344K
  class space    used 4301K, committed 4416K, reserved 1048576K
}
Event: 12.016 GC heap before
{Heap before GC invocations=11 (full 0):
 garbage-first heap   total 37888K, used 26924K [0x0000000082800000, 0x0000000100000000)
  region size 1024K, 12 young (12288K), 1 survivors (1024K)
 Metaspace       used 37706K, committed 38016K, reserved 1089536K
  class space    used 4522K, committed 4672K, reserved 1048576K
}
Event: 12.021 GC heap after
{Heap after GC invocations=12 (full 0):
 garbage-first heap   total 37888K, used 16441K [0x0000000082800000, 0x0000000100000000)
  region size 1024K, 2 young (2048K), 2 survivors (2048K)
 Metaspace       used 37706K, committed 38016K, reserved 1089536K
  class space    used 4522K, committed 4672K, reserved 1048576K
}
Event: 12.538 GC heap before
{Heap before GC invocations=12 (full 0):
 garbage-first heap   total 37888K, used 27705K [0x0000000082800000, 0x0000000100000000)
  region size 1024K, 13 young (13312K), 2 survivors (2048K)
 Metaspace       used 39839K, committed 40128K, reserved 1089536K
  class space    used 4785K, committed 4928K, reserved 1048576K
}
Event: 12.542 GC heap after
{Heap after GC invocations=13 (full 0):
 garbage-first heap   total 37888K, used 17281K [0x0000000082800000, 0x0000000100000000)
  region size 1024K, 2 young (2048K), 2 survivors (2048K)
 Metaspace       used 39839K, committed 40128K, reserved 1089536K
  class space    used 4785K, committed 4928K, reserved 1048576K
}
Event: 13.605 GC heap before
{Heap before GC invocations=13 (full 0):
 garbage-first heap   total 37888K, used 27521K [0x0000000082800000, 0x0000000100000000)
  region size 1024K, 13 young (13312K), 2 survivors (2048K)
 Metaspace       used 43259K, committed 43520K, reserved 1089536K
  class space    used 5136K, committed 5248K, reserved 1048576K
}
Event: 13.611 GC heap after
{Heap after GC invocations=14 (full 0):
 garbage-first heap   total 37888K, used 18283K [0x0000000082800000, 0x0000000100000000)
  region size 1024K, 2 young (2048K), 2 survivors (2048K)
 Metaspace       used 43259K, committed 43520K, reserved 1089536K
  class space    used 5136K, committed 5248K, reserved 1048576K
}
Event: 16.726 GC heap before
{Heap before GC invocations=14 (full 0):
 garbage-first heap   total 37888K, used 28523K [0x0000000082800000, 0x0000000100000000)
  region size 1024K, 12 young (12288K), 2 survivors (2048K)
 Metaspace       used 45747K, committed 46080K, reserved 1089536K
  class space    used 5552K, committed 5696K, reserved 1048576K
}
Event: 16.729 GC heap after
{Heap after GC invocations=15 (full 0):
 garbage-first heap   total 37888K, used 18769K [0x0000000082800000, 0x0000000100000000)
  region size 1024K, 2 young (2048K), 2 survivors (2048K)
 Metaspace       used 45747K, committed 46080K, reserved 1089536K
  class space    used 5552K, committed 5696K, reserved 1048576K
}

