# JRE version: OpenJDK Runtime Environment Temurin-17.0.2+8 (17.0.2+8) (build 17.0.2+8)
# Java VM: OpenJDK 64-Bit Server VM Temurin-17.0.2+8 (17.0.2+8, mixed mode, tiered, compressed oops, compressed class ptrs, g1 gc, windows-amd64)
GC Precious Log:
 CPUs: 4 total, 4 available
 Memory: 8025M
 Large Page Support: Disabled
 NUMA Support: Disabled
 Compressed Oops: Enabled (32-bit)
 Heap Region Size: 1M
 Heap Min Capacity: 8M
 Heap Initial Capacity: 126M
 Heap Max Capacity: 2008M
 Pre-touch: Disabled
 Parallel Workers: 4
 Concurrent Workers: 1
 Concurrent Refinement Workers: 4
 Periodic GC: Disabled
Heap:
 garbage-first heap   total 46080K, used 29223K [0x0000000082800000, 0x0000000100000000)
  region size 1024K, 16 young (16384K), 2 survivors (2048K)
 Metaspace       used 42645K, committed 42944K, reserved 1089536K
  class space    used 5089K, committed 5184K, reserved 1048576K
GC Heap History (20 events):
Event: 1.154 GC heap before
{Heap before GC invocations=0 (full 0):
 garbage-first heap   total 129024K, used 13312K [0x0000000082800000, 0x0000000100000000)
  region size 1024K, 13 young (13312K), 0 survivors (0K)
 Metaspace       used 10568K, committed 10752K, reserved 1064960K
  class space    used 974K, committed 1088K, reserved 1048576K
}
Event: 1.163 GC heap after
{Heap after GC invocations=1 (full 0):
 garbage-first heap   total 129024K, used 6187K [0x0000000082800000, 0x0000000100000000)
  region size 1024K, 2 young (2048K), 2 survivors (2048K)
 Metaspace       used 10568K, committed 10752K, reserved 1064960K
  class space    used 974K, committed 1088K, reserved 1048576K
}
Event: 1.713 GC heap before
{Heap before GC invocations=1 (full 0):
 garbage-first heap   total 129024K, used 15403K [0x0000000082800000, 0x0000000100000000)
  region size 1024K, 12 young (12288K), 2 survivors (2048K)
 Metaspace       used 14630K, committed 14848K, reserved 1064960K
  class space    used 1475K, committed 1600K, reserved 1048576K
}
Event: 1.718 GC heap after
{Heap after GC invocations=2 (full 0):
 garbage-first heap   total 129024K, used 7325K [0x0000000082800000, 0x0000000100000000)
  region size 1024K, 1 young (1024K), 1 survivors (1024K)
 Metaspace       used 14630K, committed 14848K, reserved 1064960K
  class space    used 1475K, committed 1600K, reserved 1048576K
}
Event: 2.648 GC heap before
{Heap before GC invocations=2 (full 0):
 garbage-first heap   total 129024K, used 31901K [0x0000000082800000, 0x0000000100000000)
  region size 1024K, 27 young (27648K), 1 survivors (1024K)
 Metaspace       used 21351K, committed 21504K, reserved 1073152K
  class space    used 2467K, committed 2560K, reserved 1048576K
}
Event: 2.659 GC heap after
{Heap after GC invocations=3 (full 0):
 garbage-first heap   total 129024K, used 9083K [0x0000000082800000, 0x0000000100000000)
  region size 1024K, 3 young (3072K), 3 survivors (3072K)
 Metaspace       used 21351K, committed 21504K, reserved 1073152K
  class space    used 2467K, committed 2560K, reserved 1048576K
}
Event: 3.203 GC heap before
{Heap before GC invocations=4 (full 0):
 garbage-first heap   total 37888K, used 27515K [0x0000000082800000, 0x0000000100000000)
  region size 1024K, 22 young (22528K), 3 survivors (3072K)
 Metaspace       used 25336K, committed 25600K, reserved 1073152K
  class space    used 2889K, committed 3008K, reserved 1048576K
}
Event: 3.210 GC heap after
{Heap after GC invocations=5 (full 0):
 garbage-first heap   total 37888K, used 10416K [0x0000000082800000, 0x0000000100000000)
  region size 1024K, 4 young (4096K), 4 survivors (4096K)
 Metaspace       used 25336K, committed 25600K, reserved 1073152K
  class space    used 2889K, committed 3008K, reserved 1048576K
}
Event: 3.841 GC heap before
{Heap before GC invocations=5 (full 0):
 garbage-first heap   total 37888K, used 22704K [0x0000000082800000, 0x0000000100000000)
  region size 1024K, 17 young (17408K), 4 survivors (4096K)
 Metaspace       used 27605K, committed 27840K, reserved 1081344K
  class space    used 3185K, committed 3264K, reserved 1048576K
}
Event: 3.847 GC heap after
{Heap after GC invocations=6 (full 0):
 garbage-first heap   total 37888K, used 11292K [0x0000000082800000, 0x0000000100000000)
  region size 1024K, 3 young (3072K), 3 survivors (3072K)
 Metaspace       used 27605K, committed 27840K, reserved 1081344K
  class space    used 3185K, committed 3264K, reserved 1048576K
}
Event: 4.391 GC heap before
{Heap before GC invocations=6 (full 0):
 garbage-first heap   total 37888K, used 24604K [0x0000000082800000, 0x0000000100000000)
  region size 1024K, 16 young (16384K), 3 survivors (3072K)
 Metaspace       used 29351K, committed 29568K, reserved 1081344K
  class space    used 3411K, committed 3520K, reserved 1048576K
}
Event: 4.398 GC heap after
{Heap after GC invocations=7 (full 0):
 garbage-first heap   total 37888K, used 12383K [0x0000000082800000, 0x0000000100000000)
  region size 1024K, 2 young (2048K), 2 survivors (2048K)
 Metaspace       used 29351K, committed 29568K, reserved 1081344K
  class space    used 3411K, committed 3520K, reserved 1048576K
}
Event: 5.093 GC heap before
{Heap before GC invocations=7 (full 0):
 garbage-first heap   total 37888K, used 25695K [0x0000000082800000, 0x0000000100000000)
  region size 1024K, 15 young (15360K), 2 survivors (2048K)
 Metaspace       used 31760K, committed 32064K, reserved 1081344K
  class space    used 3745K, committed 3904K, reserved 1048576K
}
Event: 5.100 GC heap after
{Heap after GC invocations=8 (full 0):
 garbage-first heap   total 37888K, used 13421K [0x0000000082800000, 0x0000000100000000)
  region size 1024K, 2 young (2048K), 2 survivors (2048K)
 Metaspace       used 31760K, committed 32064K, reserved 1081344K
  class space    used 3745K, committed 3904K, reserved 1048576K
}
Event: 5.805 GC heap before
{Heap before GC invocations=8 (full 0):
 garbage-first heap   total 37888K, used 25709K [0x0000000082800000, 0x0000000100000000)
  region size 1024K, 14 young (14336K), 2 survivors (2048K)
 Metaspace       used 34261K, committed 34560K, reserved 1081344K
  class space    used 4145K, committed 4288K, reserved 1048576K
}
Event: 5.814 GC heap after
{Heap after GC invocations=9 (full 0):
 garbage-first heap   total 37888K, used 15097K [0x0000000082800000, 0x0000000100000000)
  region size 1024K, 2 young (2048K), 2 survivors (2048K)
 Metaspace       used 34261K, committed 34560K, reserved 1081344K
  class space    used 4145K, committed 4288K, reserved 1048576K
}
Event: 6.112 GC heap before
{Heap before GC invocations=9 (full 0):
 garbage-first heap   total 37888K, used 19193K [0x0000000082800000, 0x0000000100000000)
  region size 1024K, 7 young (7168K), 2 survivors (2048K)
 Metaspace       used 35781K, committed 36096K, reserved 1081344K
  class space    used 4317K, committed 4480K, reserved 1048576K
}
Event: 6.119 GC heap after
{Heap after GC invocations=10 (full 0):
 garbage-first heap   total 46080K, used 15709K [0x0000000082800000, 0x0000000100000000)
  region size 1024K, 1 young (1024K), 1 survivors (1024K)
 Metaspace       used 35781K, committed 36096K, reserved 1081344K
  class space    used 4317K, committed 4480K, reserved 1048576K
}
Event: 7.061 GC heap before
{Heap before GC invocations=11 (full 0):
 garbage-first heap   total 46080K, used 32093K [0x0000000082800000, 0x0000000100000000)
  region size 1024K, 18 young (18432K), 1 survivors (1024K)
 Metaspace       used 38368K, committed 38592K, reserved 1089536K
  class space    used 4618K, committed 4736K, reserved 1048576K
}
Event: 7.065 GC heap after
{Heap after GC invocations=12 (full 0):
 garbage-first heap   total 46080K, used 16935K [0x0000000082800000, 0x0000000100000000)
  region size 1024K, 2 young (2048K), 2 survivors (2048K)
 Metaspace       used 38368K, committed 38592K, reserved 1089536K
  class space    used 4618K, committed 4736K, reserved 1048576K
}

